#
# A fatal error has been detected by the Java Runtime Environment:
#
#  EXCEPTION_ACCESS_VIOLATION (0xc0000005) at pc=0x00007ffee3bdc1c4, pid=4476, tid=11652
#
# JRE version: Java(TM) SE Runtime Environment (18.0.2+9) (build 18.0.2+9-61)
# Java VM: Java HotSpot(TM) 64-Bit Server VM (18.0.2+9-61, mixed mode, sharing, tiered, compressed oops, compressed class ptrs, g1 gc, windows-amd64)
# Problematic frame:
# C  [cyjagent.dll+0xc1c4]
#
# No core dump will be written. Minidumps are not enabled by default on client versions of Windows
#
# If you would like to submit a bug report, please visit:
#   https://bugreport.java.com/bugreport/crash.jsp
# The crash happened outside the Java Virtual Machine in native code.
# See problematic frame for where to report the bug.
#

---------------  S U M M A R Y ------------

Command Line: -javaagent:C:\Program Files\JetBrains\IntelliJ IDEA Community Edition 2022.1.4\lib\idea_rt.jar=51381:C:\Program Files\JetBrains\IntelliJ IDEA Community Edition 2022.1.4\bin -Dfile.encoding=UTF-8 -agentpath:C:\Program Files\Palo Alto Networks\Traps\cyjagent.dll recomendaciones.Main

Host: Intel(R) Core(TM) i5-8400 CPU @ 2.80GHz, 6 cores, 7G,  Windows 10 , 64 bit Build 19041 (10.0.19041.2364)
Time: Wed Oct 25 12:30:43 2023 Hora est. Pacífico, Sudamérica elapsed time: 0.143870 seconds (0d 0h 0m 0s)

---------------  T H R E A D  ---------------

Current thread (0x000002deff5a0c10):  JavaThread "Monitor Ctrl-Break" daemon [_thread_in_native, id=11652, stack(0x000000e056d00000,0x000000e056e00000)]

Stack: [0x000000e056d00000,0x000000e056e00000],  sp=0x000000e056dfd460,  free space=1013k
Native frames: (J=compiled Java code, j=interpreted, Vv=VM code, C=native code)
C  [cyjagent.dll+0xc1c4]

Java frames: (J=compiled Java code, j=interpreted, Vv=VM code)
j  sun.nio.ch.SocketDispatcher.<clinit>()V+22 java.base@18.0.2
v  ~StubRoutines::call_stub
j  sun.nio.ch.NioSocketImpl.<clinit>()V+16 java.base@18.0.2
v  ~StubRoutines::call_stub
j  java.net.SocketImpl.createPlatformSocketImpl(Z)Ljava/net/SocketImpl;+0 java.base@18.0.2
j  java.net.Socket.setImpl()V+22 java.base@18.0.2
j  java.net.Socket.<init>(Ljava/net/SocketAddress;Ljava/net/SocketAddress;Z)V+46 java.base@18.0.2
j  java.net.Socket.<init>(Ljava/lang/String;I)V+34 java.base@18.0.2
j  com.intellij.rt.execution.application.AppMainV2$1.run()V+10
v  ~StubRoutines::call_stub

siginfo: EXCEPTION_ACCESS_VIOLATION (0xc0000005), reading address 0x0000000000000000


Register to memory mapping:

RIP=0x00007ffee3bdc1c4 cyjagent.dll
RAX=0x0 is NULL
RBX=0x000002deff5a0ea0 points into unknown readable memory: 0x00007ffe8a7a4710 | 10 47 7a 8a fe 7f 00 00
RCX=0x0 is NULL
RDX=0x000002dedac62890 points into unknown readable memory: 0x000002deff5a0c10 | 10 0c 5a ff de 02 00 00
RSP=0x000000e056dfd460 is pointing into the stack for thread: 0x000002deff5a0c10
RBP=0x000002dedcc3f8d0 points into unknown readable memory: 0x000002dedcb62820 | 20 28 b6 dc de 02 00 00
RSI=0x0 is NULL
RDI=0x000002deff5dddd8 points into unknown readable memory: 0x2f6f696e2f6e7573 | 73 75 6e 2f 6e 69 6f 2f
R8 =0x000000e056dfd2d8 is pointing into the stack for thread: 0x000002deff5a0c10
R9 =0x000002dedcc3f8d0 points into unknown readable memory: 0x000002dedcb62820 | 20 28 b6 dc de 02 00 00
R10=0x0 is NULL
R11=0x0000000000000246 is an unknown value
R12=0x000002deff5dddd8 points into unknown readable memory: 0x2f6f696e2f6e7573 | 73 75 6e 2f 6e 69 6f 2f
R13=0x000000e056dfda20 is pointing into the stack for thread: 0x000002deff5a0c10
R14=0x000002deff5a0c10 is a thread
R15=0x0 is NULL


Registers:
RAX=0x0000000000000000, RBX=0x000002deff5a0ea0, RCX=0x0000000000000000, RDX=0x000002dedac62890
RSP=0x000000e056dfd460, RBP=0x000002dedcc3f8d0, RSI=0x0000000000000000, RDI=0x000002deff5dddd8
R8 =0x000000e056dfd2d8, R9 =0x000002dedcc3f8d0, R10=0x0000000000000000, R11=0x0000000000000246
R12=0x000002deff5dddd8, R13=0x000000e056dfda20, R14=0x000002deff5a0c10, R15=0x0000000000000000
RIP=0x00007ffee3bdc1c4, EFLAGS=0x0000000000010202

Top of Stack: (sp=0x000000e056dfd460)
0x000000e056dfd460:   000002deff5dddd8 000002deff5a0ea0
0x000000e056dfd470:   000098007c690000 000002defb188dc0
0x000000e056dfd480:   0000020000000011 00007ffe8a10a896
0x000000e056dfd490:   000002defb0621b0 000002dedcc3f8d0
0x000000e056dfd4a0:   0000000000000011 000000e056dfd670
0x000000e056dfd4b0:   000002dedd2a36a0 0000000000000000
0x000000e056dfd4c0:   000002deff5a0c10 00007ffe8a225110
0x000000e056dfd4d0:   000002dedd2a36a0 0000000000000000
0x000000e056dfd4e0:   000000e056dfd670 0000000000000002
0x000000e056dfd4f0:   000002deff5dddd8 0000000000000000
0x000000e056dfd500:   000002de000031e3 000002deff5dabc0
0x000000e056dfd510:   000000e056dfd608 000000e056dfd528
0x000000e056dfd520:   000002de00000000 0000000000000000
0x000000e056dfd530:   0000000000000000 0000000000000100
0x000000e056dfd540:   000002deff5237b0 000002deff5dabb0
0x000000e056dfd550:   000002deff5dddf0 000002deff5e2b98 

Instructions: (pc=0x00007ffee3bdc1c4)
0x00007ffee3bdc0c4:   00 00 03 72 2d 44 8b ce 48 8d 05 3d e0 01 00 ba
0x00007ffee3bdc0d4:   2f 00 00 00 4e 8b 0c c8 48 8b 89 b0 02 00 00 4c
0x00007ffee3bdc0e4:   8d 05 56 df 01 00 e8 51 50 ff ff 48 8b 0d ea 38
0x00007ffee3bdc0f4:   02 00 48 3b cb 74 68 f6 81 bc 02 00 00 10 74 5f
0x00007ffee3bdc104:   80 b9 b9 02 00 00 02 72 56 4c 8b 8c 24 90 00 00
0x00007ffee3bdc114:   00 4c 8d 05 24 df 01 00 48 8b 89 b0 02 00 00 ba
0x00007ffee3bdc124:   31 00 00 00 e8 13 50 ff ff eb 34 49 8b 0f 4c 8b
0x00007ffee3bdc134:   c3 48 8b d6 e8 d3 63 00 00 48 8b 84 24 b0 00 00
0x00007ffee3bdc144:   00 89 18 48 8b 0d 6a 4c 02 00 4c 8b c6 33 d2 ff
0x00007ffee3bdc154:   15 97 50 01 00 eb 08 a8 02 75 04 c6 47 40 01 b8
0x00007ffee3bdc164:   ff ff ff ff f0 0f c1 47 10 4c 8b b4 24 88 00 00
0x00007ffee3bdc174:   00 83 f8 01 75 42 48 8b 4f 18 48 81 c1 70 01 00
0x00007ffee3bdc184:   00 ff 15 1d 51 01 00 48 8b 0f 48 8b 47 08 48 89
0x00007ffee3bdc194:   08 48 89 41 08 48 8b 4f 18 48 81 c1 70 01 00 00
0x00007ffee3bdc1a4:   ff 15 06 51 01 00 48 8b 0d 07 4c 02 00 4c 8b c7
0x00007ffee3bdc1b4:   33 d2 ff 15 34 50 01 00 48 8b 4d 20 48 8b 55 10
0x00007ffee3bdc1c4:   48 8b 01 48 8b 80 08 01 00 00 ff 15 0c 51 01 00
0x00007ffee3bdc1d4:   85 c0 74 40 48 8b 0d 01 38 02 00 48 8d 15 fa 37
0x00007ffee3bdc1e4:   02 00 48 3b ca 74 2d f6 81 bc 02 00 00 10 74 24
0x00007ffee3bdc1f4:   80 b9 b9 02 00 00 03 72 1b 48 8b 89 b0 02 00 00
0x00007ffee3bdc204:   4c 8d 05 35 de 01 00 ba 15 00 00 00 44 8b c8 e8
0x00007ffee3bdc214:   68 4e ff ff 48 8b 6c 24 78 48 8b b4 24 80 00 00
0x00007ffee3bdc224:   00 48 83 c4 50 41 5f 5f 5b c3 cc cc 40 57 48 83
0x00007ffee3bdc234:   ec 30 f6 81 78 01 00 00 04 48 8b f9 0f 85 87 02
0x00007ffee3bdc244:   00 00 48 89 5c 24 40 45 33 c9 48 89 6c 24 48 33
0x00007ffee3bdc254:   d2 48 89 74 24 50 48 8b 71 20 45 8d 41 32 48 8b
0x00007ffee3bdc264:   ce 48 8b 06 48 8b 40 08 ff 15 6e 50 01 00 48 8d
0x00007ffee3bdc274:   2d 67 37 02 00 85 c0 74 37 48 8b 0d 5c 37 02 00
0x00007ffee3bdc284:   48 3b cd 74 2b f6 81 bc 02 00 00 10 74 22 80 b9
0x00007ffee3bdc294:   b9 02 00 00 02 72 19 48 8b 89 b0 02 00 00 ba 11
0x00007ffee3bdc2a4:   00 00 00 89 44 24 20 44 8d 4a 21 e8 7c dc ff ff
0x00007ffee3bdc2b4:   48 8b 06 45 33 c9 33 d2 48 8b ce 48 8b 40 08 45 


Stack slot to memory mapping:
stack at sp + 0 slots: 0x000002deff5dddd8 points into unknown readable memory: 0x2f6f696e2f6e7573 | 73 75 6e 2f 6e 69 6f 2f
stack at sp + 1 slots: 0x000002deff5a0ea0 points into unknown readable memory: 0x00007ffe8a7a4710 | 10 47 7a 8a fe 7f 00 00
stack at sp + 2 slots: 0x000098007c690000 is an unknown value
stack at sp + 3 slots: 0x000002defb188dc0 points into unknown readable memory: 0x2f6f696e2f6e7573 | 73 75 6e 2f 6e 69 6f 2f
stack at sp + 4 slots: 0x0000020000000011 is an unknown value
stack at sp + 5 slots: 0x00007ffe8a10a896 jvm.dll
stack at sp + 6 slots: 0x000002defb0621b0 points into unknown readable memory: 0x757300111a29ffff | ff ff 29 1a 11 00 73 75
stack at sp + 7 slots: 0x000002dedcc3f8d0 points into unknown readable memory: 0x000002dedcb62820 | 20 28 b6 dc de 02 00 00


---------------  P R O C E S S  ---------------

Threads class SMR info:
_java_thread_list=0x000002deff5a8870, length=11, elements={
0x000002defb15d570, 0x000002defb15e880, 0x000002defb1764e0, 0x000002defb177530,
0x000002defb178580, 0x000002defb17d080, 0x000002defb182120, 0x000002defb1851c0,
0x000002deff4a32e0, 0x000002deff5a0c10, 0x000002deff5a5560
}

Java Threads: ( => current thread )
  0x000002defb15d570 JavaThread "Reference Handler" daemon [_thread_blocked, id=7200, stack(0x000000e056300000,0x000000e056400000)]
  0x000002defb15e880 JavaThread "Finalizer" daemon [_thread_blocked, id=2296, stack(0x000000e056400000,0x000000e056500000)]
  0x000002defb1764e0 JavaThread "Attach Listener" daemon [_thread_blocked, id=3040, stack(0x000000e056600000,0x000000e056700000)]
  0x000002defb177530 JavaThread "Service Thread" daemon [_thread_blocked, id=12208, stack(0x000000e056700000,0x000000e056800000)]
  0x000002defb178580 JavaThread "Monitor Deflation Thread" daemon [_thread_blocked, id=3892, stack(0x000000e056800000,0x000000e056900000)]
  0x000002defb17d080 JavaThread "C2 CompilerThread0" daemon [_thread_blocked, id=1456, stack(0x000000e056900000,0x000000e056a00000)]
  0x000002defb182120 JavaThread "C1 CompilerThread0" daemon [_thread_blocked, id=2768, stack(0x000000e056a00000,0x000000e056b00000)]
  0x000002defb1851c0 JavaThread "Sweeper thread" daemon [_thread_blocked, id=12000, stack(0x000000e056b00000,0x000000e056c00000)]
  0x000002deff4a32e0 JavaThread "Common-Cleaner" daemon [_thread_blocked, id=12280, stack(0x000000e056c00000,0x000000e056d00000)]
=>0x000002deff5a0c10 JavaThread "Monitor Ctrl-Break" daemon [_thread_in_native, id=11652, stack(0x000000e056d00000,0x000000e056e00000)]
  0x000002deff5a5560 JavaThread "Notification Thread" daemon [_thread_blocked, id=10624, stack(0x000000e056e00000,0x000000e056f00000)]

Other Threads:
  0x000002dedd3342b0 VMThread "VM Thread" [stack: 0x000000e056200000,0x000000e056300000] [id=5764] _threads_hazard_ptr=0x000002deff5a8870
  0x000002dedd317c40 WorkerThread "GC Thread#0" [stack: 0x000000e055d00000,0x000000e055e00000] [id=11504]
  0x000002dedd32b570 ConcurrentGCThread "G1 Main Marker" terminated
  0x000002dedd32c9e0 WorkerThread "G1 Conc#0" [stack: 0x000000e055f00000,0x000000e056000000] [id=3968]
  0x000002defb006530 ConcurrentGCThread "G1 Refine#0" terminated
  0x000002defb006d50 ConcurrentGCThread "G1 Service" terminated

Threads with active compile tasks:

VM state: at safepoint (normal execution)

VM Mutex/Monitor currently owned by a thread:  ([mutex/lock_event])
[0x000002dedd2b7650] Threads_lock - owner thread: 0x000002dedd3342b0
[0x000002dedd2b64e0] Heap_lock - owner thread: 0x000002dedd2bb720

Heap address: 0x0000000082a00000, size: 2006 MB, Compressed Oops mode: 32-bit

CDS archive(s) mapped at: [0x0000000800000000-0x0000000800ba0000-0x0000000800ba0000), size 12189696, SharedBaseAddress: 0x0000000800000000, ArchiveRelocationMode: 0.
Compressed class space mapped at: 0x0000000800c00000-0x0000000840c00000, reserved size: 1073741824
Narrow klass base: 0x0000000800000000, Narrow klass shift: 0, Narrow klass range: 0x100000000

GC Precious Log:
 CardTable entry size: 512
 Card Set container configuration: InlinePtr #cards 5 size 8 Array Of Cards #cards 12 size 40 Howl #buckets 4 coarsen threshold 1843 Howl Bitmap #cards 512 size 80 coarsen threshold 460 Card regions per heap region 1 cards per card region 2048
 CPUs: 6 total, 6 available
 Memory: 8016M
 Large Page Support: Disabled
 NUMA Support: Disabled
 Compressed Oops: Enabled (32-bit)
 Heap Region Size: 1M
 Heap Min Capacity: 8M
 Heap Initial Capacity: 126M
 Heap Max Capacity: 2006M
 Pre-touch: Disabled
 Parallel Workers: 6
 Concurrent Workers: 2
 Concurrent Refinement Workers: 6
 Periodic GC: Disabled

Heap:
 garbage-first heap   total 129024K, used 2048K [0x0000000082a00000, 0x0000000100000000)
  region size 1024K, 3 young (3072K), 0 survivors (0K)
 Metaspace       used 498K, committed 640K, reserved 1114112K
  class space    used 33K, committed 128K, reserved 1048576K

Heap Regions: E=young(eden), S=young(survivor), O=old, HS=humongous(starts), HC=humongous(continues), CS=collection set, F=free, OA=open archive, CA=closed archive, TAMS=top-at-mark-start (previous, next)
|   0|0x0000000082a00000, 0x0000000082a00000, 0x0000000082b00000|  0%| F|  |TAMS 0x0000000082a00000, 0x0000000082a00000| Untracked 
|   1|0x0000000082b00000, 0x0000000082b00000, 0x0000000082c00000|  0%| F|  |TAMS 0x0000000082b00000, 0x0000000082b00000| Untracked 
|   2|0x0000000082c00000, 0x0000000082c00000, 0x0000000082d00000|  0%| F|  |TAMS 0x0000000082c00000, 0x0000000082c00000| Untracked 
|   3|0x0000000082d00000, 0x0000000082d00000, 0x0000000082e00000|  0%| F|  |TAMS 0x0000000082d00000, 0x0000000082d00000| Untracked 
|   4|0x0000000082e00000, 0x0000000082e00000, 0x0000000082f00000|  0%| F|  |TAMS 0x0000000082e00000, 0x0000000082e00000| Untracked 
|   5|0x0000000082f00000, 0x0000000082f00000, 0x0000000083000000|  0%| F|  |TAMS 0x0000000082f00000, 0x0000000082f00000| Untracked 
|   6|0x0000000083000000, 0x0000000083000000, 0x0000000083100000|  0%| F|  |TAMS 0x0000000083000000, 0x0000000083000000| Untracked 
|   7|0x0000000083100000, 0x0000000083100000, 0x0000000083200000|  0%| F|  |TAMS 0x0000000083100000, 0x0000000083100000| Untracked 
|   8|0x0000000083200000, 0x0000000083200000, 0x0000000083300000|  0%| F|  |TAMS 0x0000000083200000, 0x0000000083200000| Untracked 
|   9|0x0000000083300000, 0x0000000083300000, 0x0000000083400000|  0%| F|  |TAMS 0x0000000083300000, 0x0000000083300000| Untracked 
|  10|0x0000000083400000, 0x0000000083400000, 0x0000000083500000|  0%| F|  |TAMS 0x0000000083400000, 0x0000000083400000| Untracked 
|  11|0x0000000083500000, 0x0000000083500000, 0x0000000083600000|  0%| F|  |TAMS 0x0000000083500000, 0x0000000083500000| Untracked 
|  12|0x0000000083600000, 0x0000000083600000, 0x0000000083700000|  0%| F|  |TAMS 0x0000000083600000, 0x0000000083600000| Untracked 
|  13|0x0000000083700000, 0x0000000083700000, 0x0000000083800000|  0%| F|  |TAMS 0x0000000083700000, 0x0000000083700000| Untracked 
|  14|0x0000000083800000, 0x0000000083800000, 0x0000000083900000|  0%| F|  |TAMS 0x0000000083800000, 0x0000000083800000| Untracked 
|  15|0x0000000083900000, 0x0000000083900000, 0x0000000083a00000|  0%| F|  |TAMS 0x0000000083900000, 0x0000000083900000| Untracked 
|  16|0x0000000083a00000, 0x0000000083a00000, 0x0000000083b00000|  0%| F|  |TAMS 0x0000000083a00000, 0x0000000083a00000| Untracked 
|  17|0x0000000083b00000, 0x0000000083b00000, 0x0000000083c00000|  0%| F|  |TAMS 0x0000000083b00000, 0x0000000083b00000| Untracked 
|  18|0x0000000083c00000, 0x0000000083c00000, 0x0000000083d00000|  0%| F|  |TAMS 0x0000000083c00000, 0x0000000083c00000| Untracked 
|  19|0x0000000083d00000, 0x0000000083d00000, 0x0000000083e00000|  0%| F|  |TAMS 0x0000000083d00000, 0x0000000083d00000| Untracked 
|  20|0x0000000083e00000, 0x0000000083e00000, 0x0000000083f00000|  0%| F|  |TAMS 0x0000000083e00000, 0x0000000083e00000| Untracked 
|  21|0x0000000083f00000, 0x0000000083f00000, 0x0000000084000000|  0%| F|  |TAMS 0x0000000083f00000, 0x0000000083f00000| Untracked 
|  22|0x0000000084000000, 0x0000000084000000, 0x0000000084100000|  0%| F|  |TAMS 0x0000000084000000, 0x0000000084000000| Untracked 
|  23|0x0000000084100000, 0x0000000084100000, 0x0000000084200000|  0%| F|  |TAMS 0x0000000084100000, 0x0000000084100000| Untracked 
|  24|0x0000000084200000, 0x0000000084200000, 0x0000000084300000|  0%| F|  |TAMS 0x0000000084200000, 0x0000000084200000| Untracked 
|  25|0x0000000084300000, 0x0000000084300000, 0x0000000084400000|  0%| F|  |TAMS 0x0000000084300000, 0x0000000084300000| Untracked 
|  26|0x0000000084400000, 0x0000000084400000, 0x0000000084500000|  0%| F|  |TAMS 0x0000000084400000, 0x0000000084400000| Untracked 
|  27|0x0000000084500000, 0x0000000084500000, 0x0000000084600000|  0%| F|  |TAMS 0x0000000084500000, 0x0000000084500000| Untracked 
|  28|0x0000000084600000, 0x0000000084600000, 0x0000000084700000|  0%| F|  |TAMS 0x0000000084600000, 0x0000000084600000| Untracked 
|  29|0x0000000084700000, 0x0000000084700000, 0x0000000084800000|  0%| F|  |TAMS 0x0000000084700000, 0x0000000084700000| Untracked 
|  30|0x0000000084800000, 0x0000000084800000, 0x0000000084900000|  0%| F|  |TAMS 0x0000000084800000, 0x0000000084800000| Untracked 
|  31|0x0000000084900000, 0x0000000084900000, 0x0000000084a00000|  0%| F|  |TAMS 0x0000000084900000, 0x0000000084900000| Untracked 
|  32|0x0000000084a00000, 0x0000000084a00000, 0x0000000084b00000|  0%| F|  |TAMS 0x0000000084a00000, 0x0000000084a00000| Untracked 
|  33|0x0000000084b00000, 0x0000000084b00000, 0x0000000084c00000|  0%| F|  |TAMS 0x0000000084b00000, 0x0000000084b00000| Untracked 
|  34|0x0000000084c00000, 0x0000000084c00000, 0x0000000084d00000|  0%| F|  |TAMS 0x0000000084c00000, 0x0000000084c00000| Untracked 
|  35|0x0000000084d00000, 0x0000000084d00000, 0x0000000084e00000|  0%| F|  |TAMS 0x0000000084d00000, 0x0000000084d00000| Untracked 
|  36|0x0000000084e00000, 0x0000000084e00000, 0x0000000084f00000|  0%| F|  |TAMS 0x0000000084e00000, 0x0000000084e00000| Untracked 
|  37|0x0000000084f00000, 0x0000000084f00000, 0x0000000085000000|  0%| F|  |TAMS 0x0000000084f00000, 0x0000000084f00000| Untracked 
|  38|0x0000000085000000, 0x0000000085000000, 0x0000000085100000|  0%| F|  |TAMS 0x0000000085000000, 0x0000000085000000| Untracked 
|  39|0x0000000085100000, 0x0000000085100000, 0x0000000085200000|  0%| F|  |TAMS 0x0000000085100000, 0x0000000085100000| Untracked 
|  40|0x0000000085200000, 0x0000000085200000, 0x0000000085300000|  0%| F|  |TAMS 0x0000000085200000, 0x0000000085200000| Untracked 
|  41|0x0000000085300000, 0x0000000085300000, 0x0000000085400000|  0%| F|  |TAMS 0x0000000085300000, 0x0000000085300000| Untracked 
|  42|0x0000000085400000, 0x0000000085400000, 0x0000000085500000|  0%| F|  |TAMS 0x0000000085400000, 0x0000000085400000| Untracked 
|  43|0x0000000085500000, 0x0000000085500000, 0x0000000085600000|  0%| F|  |TAMS 0x0000000085500000, 0x0000000085500000| Untracked 
|  44|0x0000000085600000, 0x0000000085600000, 0x0000000085700000|  0%| F|  |TAMS 0x0000000085600000, 0x0000000085600000| Untracked 
|  45|0x0000000085700000, 0x0000000085700000, 0x0000000085800000|  0%| F|  |TAMS 0x0000000085700000, 0x0000000085700000| Untracked 
|  46|0x0000000085800000, 0x0000000085800000, 0x0000000085900000|  0%| F|  |TAMS 0x0000000085800000, 0x0000000085800000| Untracked 
|  47|0x0000000085900000, 0x0000000085900000, 0x0000000085a00000|  0%| F|  |TAMS 0x0000000085900000, 0x0000000085900000| Untracked 
|  48|0x0000000085a00000, 0x0000000085a00000, 0x0000000085b00000|  0%| F|  |TAMS 0x0000000085a00000, 0x0000000085a00000| Untracked 
|  49|0x0000000085b00000, 0x0000000085b00000, 0x0000000085c00000|  0%| F|  |TAMS 0x0000000085b00000, 0x0000000085b00000| Untracked 
|  50|0x0000000085c00000, 0x0000000085c00000, 0x0000000085d00000|  0%| F|  |TAMS 0x0000000085c00000, 0x0000000085c00000| Untracked 
|  51|0x0000000085d00000, 0x0000000085d00000, 0x0000000085e00000|  0%| F|  |TAMS 0x0000000085d00000, 0x0000000085d00000| Untracked 
|  52|0x0000000085e00000, 0x0000000085e00000, 0x0000000085f00000|  0%| F|  |TAMS 0x0000000085e00000, 0x0000000085e00000| Untracked 
|  53|0x0000000085f00000, 0x0000000085f00000, 0x0000000086000000|  0%| F|  |TAMS 0x0000000085f00000, 0x0000000085f00000| Untracked 
|  54|0x0000000086000000, 0x0000000086000000, 0x0000000086100000|  0%| F|  |TAMS 0x0000000086000000, 0x0000000086000000| Untracked 
|  55|0x0000000086100000, 0x0000000086100000, 0x0000000086200000|  0%| F|  |TAMS 0x0000000086100000, 0x0000000086100000| Untracked 
|  56|0x0000000086200000, 0x0000000086200000, 0x0000000086300000|  0%| F|  |TAMS 0x0000000086200000, 0x0000000086200000| Untracked 
|  57|0x0000000086300000, 0x0000000086300000, 0x0000000086400000|  0%| F|  |TAMS 0x0000000086300000, 0x0000000086300000| Untracked 
|  58|0x0000000086400000, 0x0000000086400000, 0x0000000086500000|  0%| F|  |TAMS 0x0000000086400000, 0x0000000086400000| Untracked 
|  59|0x0000000086500000, 0x0000000086500000, 0x0000000086600000|  0%| F|  |TAMS 0x0000000086500000, 0x0000000086500000| Untracked 
|  60|0x0000000086600000, 0x0000000086600000, 0x0000000086700000|  0%| F|  |TAMS 0x0000000086600000, 0x0000000086600000| Untracked 
|  61|0x0000000086700000, 0x0000000086700000, 0x0000000086800000|  0%| F|  |TAMS 0x0000000086700000, 0x0000000086700000| Untracked 
|  62|0x0000000086800000, 0x0000000086800000, 0x0000000086900000|  0%| F|  |TAMS 0x0000000086800000, 0x0000000086800000| Untracked 
|  63|0x0000000086900000, 0x0000000086900000, 0x0000000086a00000|  0%| F|  |TAMS 0x0000000086900000, 0x0000000086900000| Untracked 
|  64|0x0000000086a00000, 0x0000000086a00000, 0x0000000086b00000|  0%| F|  |TAMS 0x0000000086a00000, 0x0000000086a00000| Untracked 
|  65|0x0000000086b00000, 0x0000000086b00000, 0x0000000086c00000|  0%| F|  |TAMS 0x0000000086b00000, 0x0000000086b00000| Untracked 
|  66|0x0000000086c00000, 0x0000000086c00000, 0x0000000086d00000|  0%| F|  |TAMS 0x0000000086c00000, 0x0000000086c00000| Untracked 
|  67|0x0000000086d00000, 0x0000000086d00000, 0x0000000086e00000|  0%| F|  |TAMS 0x0000000086d00000, 0x0000000086d00000| Untracked 
|  68|0x0000000086e00000, 0x0000000086e00000, 0x0000000086f00000|  0%| F|  |TAMS 0x0000000086e00000, 0x0000000086e00000| Untracked 
|  69|0x0000000086f00000, 0x0000000086f00000, 0x0000000087000000|  0%| F|  |TAMS 0x0000000086f00000, 0x0000000086f00000| Untracked 
|  70|0x0000000087000000, 0x0000000087000000, 0x0000000087100000|  0%| F|  |TAMS 0x0000000087000000, 0x0000000087000000| Untracked 
|  71|0x0000000087100000, 0x0000000087100000, 0x0000000087200000|  0%| F|  |TAMS 0x0000000087100000, 0x0000000087100000| Untracked 
|  72|0x0000000087200000, 0x0000000087200000, 0x0000000087300000|  0%| F|  |TAMS 0x0000000087200000, 0x0000000087200000| Untracked 
|  73|0x0000000087300000, 0x0000000087300000, 0x0000000087400000|  0%| F|  |TAMS 0x0000000087300000, 0x0000000087300000| Untracked 
|  74|0x0000000087400000, 0x0000000087400000, 0x0000000087500000|  0%| F|  |TAMS 0x0000000087400000, 0x0000000087400000| Untracked 
|  75|0x0000000087500000, 0x0000000087500000, 0x0000000087600000|  0%| F|  |TAMS 0x0000000087500000, 0x0000000087500000| Untracked 
|  76|0x0000000087600000, 0x0000000087600000, 0x0000000087700000|  0%| F|  |TAMS 0x0000000087600000, 0x0000000087600000| Untracked 
|  77|0x0000000087700000, 0x0000000087700000, 0x0000000087800000|  0%| F|  |TAMS 0x0000000087700000, 0x0000000087700000| Untracked 
|  78|0x0000000087800000, 0x0000000087800000, 0x0000000087900000|  0%| F|  |TAMS 0x0000000087800000, 0x0000000087800000| Untracked 
|  79|0x0000000087900000, 0x0000000087900000, 0x0000000087a00000|  0%| F|  |TAMS 0x0000000087900000, 0x0000000087900000| Untracked 
|  80|0x0000000087a00000, 0x0000000087a00000, 0x0000000087b00000|  0%| F|  |TAMS 0x0000000087a00000, 0x0000000087a00000| Untracked 
|  81|0x0000000087b00000, 0x0000000087b00000, 0x0000000087c00000|  0%| F|  |TAMS 0x0000000087b00000, 0x0000000087b00000| Untracked 
|  82|0x0000000087c00000, 0x0000000087c00000, 0x0000000087d00000|  0%| F|  |TAMS 0x0000000087c00000, 0x0000000087c00000| Untracked 
|  83|0x0000000087d00000, 0x0000000087d00000, 0x0000000087e00000|  0%| F|  |TAMS 0x0000000087d00000, 0x0000000087d00000| Untracked 
|  84|0x0000000087e00000, 0x0000000087e00000, 0x0000000087f00000|  0%| F|  |TAMS 0x0000000087e00000, 0x0000000087e00000| Untracked 
|  85|0x0000000087f00000, 0x0000000087f00000, 0x0000000088000000|  0%| F|  |TAMS 0x0000000087f00000, 0x0000000087f00000| Untracked 
|  86|0x0000000088000000, 0x0000000088000000, 0x0000000088100000|  0%| F|  |TAMS 0x0000000088000000, 0x0000000088000000| Untracked 
|  87|0x0000000088100000, 0x0000000088100000, 0x0000000088200000|  0%| F|  |TAMS 0x0000000088100000, 0x0000000088100000| Untracked 
|  88|0x0000000088200000, 0x0000000088200000, 0x0000000088300000|  0%| F|  |TAMS 0x0000000088200000, 0x0000000088200000| Untracked 
|  89|0x0000000088300000, 0x0000000088300000, 0x0000000088400000|  0%| F|  |TAMS 0x0000000088300000, 0x0000000088300000| Untracked 
|  90|0x0000000088400000, 0x0000000088400000, 0x0000000088500000|  0%| F|  |TAMS 0x0000000088400000, 0x0000000088400000| Untracked 
|  91|0x0000000088500000, 0x0000000088500000, 0x0000000088600000|  0%| F|  |TAMS 0x0000000088500000, 0x0000000088500000| Untracked 
|  92|0x0000000088600000, 0x0000000088600000, 0x0000000088700000|  0%| F|  |TAMS 0x0000000088600000, 0x0000000088600000| Untracked 
|  93|0x0000000088700000, 0x0000000088700000, 0x0000000088800000|  0%| F|  |TAMS 0x0000000088700000, 0x0000000088700000| Untracked 
|  94|0x0000000088800000, 0x0000000088800000, 0x0000000088900000|  0%| F|  |TAMS 0x0000000088800000, 0x0000000088800000| Untracked 
|  95|0x0000000088900000, 0x0000000088900000, 0x0000000088a00000|  0%| F|  |TAMS 0x0000000088900000, 0x0000000088900000| Untracked 
|  96|0x0000000088a00000, 0x0000000088a00000, 0x0000000088b00000|  0%| F|  |TAMS 0x0000000088a00000, 0x0000000088a00000| Untracked 
|  97|0x0000000088b00000, 0x0000000088b00000, 0x0000000088c00000|  0%| F|  |TAMS 0x0000000088b00000, 0x0000000088b00000| Untracked 
|  98|0x0000000088c00000, 0x0000000088c00000, 0x0000000088d00000|  0%| F|  |TAMS 0x0000000088c00000, 0x0000000088c00000| Untracked 
|  99|0x0000000088d00000, 0x0000000088d00000, 0x0000000088e00000|  0%| F|  |TAMS 0x0000000088d00000, 0x0000000088d00000| Untracked 
| 100|0x0000000088e00000, 0x0000000088e00000, 0x0000000088f00000|  0%| F|  |TAMS 0x0000000088e00000, 0x0000000088e00000| Untracked 
| 101|0x0000000088f00000, 0x0000000088f00000, 0x0000000089000000|  0%| F|  |TAMS 0x0000000088f00000, 0x0000000088f00000| Untracked 
| 102|0x0000000089000000, 0x0000000089000000, 0x0000000089100000|  0%| F|  |TAMS 0x0000000089000000, 0x0000000089000000| Untracked 
| 103|0x0000000089100000, 0x0000000089100000, 0x0000000089200000|  0%| F|  |TAMS 0x0000000089100000, 0x0000000089100000| Untracked 
| 104|0x0000000089200000, 0x0000000089200000, 0x0000000089300000|  0%| F|  |TAMS 0x0000000089200000, 0x0000000089200000| Untracked 
| 105|0x0000000089300000, 0x0000000089300000, 0x0000000089400000|  0%| F|  |TAMS 0x0000000089300000, 0x0000000089300000| Untracked 
| 106|0x0000000089400000, 0x0000000089400000, 0x0000000089500000|  0%| F|  |TAMS 0x0000000089400000, 0x0000000089400000| Untracked 
| 107|0x0000000089500000, 0x0000000089500000, 0x0000000089600000|  0%| F|  |TAMS 0x0000000089500000, 0x0000000089500000| Untracked 
| 108|0x0000000089600000, 0x0000000089600000, 0x0000000089700000|  0%| F|  |TAMS 0x0000000089600000, 0x0000000089600000| Untracked 
| 109|0x0000000089700000, 0x0000000089700000, 0x0000000089800000|  0%| F|  |TAMS 0x0000000089700000, 0x0000000089700000| Untracked 
| 110|0x0000000089800000, 0x0000000089800000, 0x0000000089900000|  0%| F|  |TAMS 0x0000000089800000, 0x0000000089800000| Untracked 
| 111|0x0000000089900000, 0x0000000089900000, 0x0000000089a00000|  0%| F|  |TAMS 0x0000000089900000, 0x0000000089900000| Untracked 
| 112|0x0000000089a00000, 0x0000000089a00000, 0x0000000089b00000|  0%| F|  |TAMS 0x0000000089a00000, 0x0000000089a00000| Untracked 
| 113|0x0000000089b00000, 0x0000000089b00000, 0x0000000089c00000|  0%| F|  |TAMS 0x0000000089b00000, 0x0000000089b00000| Untracked 
| 114|0x0000000089c00000, 0x0000000089c00000, 0x0000000089d00000|  0%| F|  |TAMS 0x0000000089c00000, 0x0000000089c00000| Untracked 
| 115|0x0000000089d00000, 0x0000000089d00000, 0x0000000089e00000|  0%| F|  |TAMS 0x0000000089d00000, 0x0000000089d00000| Untracked 
| 116|0x0000000089e00000, 0x0000000089e00000, 0x0000000089f00000|  0%| F|  |TAMS 0x0000000089e00000, 0x0000000089e00000| Untracked 
| 117|0x0000000089f00000, 0x0000000089f00000, 0x000000008a000000|  0%| F|  |TAMS 0x0000000089f00000, 0x0000000089f00000| Untracked 
| 118|0x000000008a000000, 0x000000008a000000, 0x000000008a100000|  0%| F|  |TAMS 0x000000008a000000, 0x000000008a000000| Untracked 
| 119|0x000000008a100000, 0x000000008a100000, 0x000000008a200000|  0%| F|  |TAMS 0x000000008a100000, 0x000000008a100000| Untracked 
| 120|0x000000008a200000, 0x000000008a200000, 0x000000008a300000|  0%| F|  |TAMS 0x000000008a200000, 0x000000008a200000| Untracked 
| 121|0x000000008a300000, 0x000000008a300000, 0x000000008a400000|  0%| F|  |TAMS 0x000000008a300000, 0x000000008a300000| Untracked 
| 122|0x000000008a400000, 0x000000008a400000, 0x000000008a500000|  0%| F|  |TAMS 0x000000008a400000, 0x000000008a400000| Untracked 
| 123|0x000000008a500000, 0x000000008a500800, 0x000000008a600000|  0%| E|  |TAMS 0x000000008a500000, 0x000000008a500000| Complete 
| 124|0x000000008a600000, 0x000000008a700000, 0x000000008a700000|100%| E|CS|TAMS 0x000000008a600000, 0x000000008a600000| Complete 
| 125|0x000000008a700000, 0x000000008a800000, 0x000000008a800000|100%| E|CS|TAMS 0x000000008a700000, 0x000000008a700000| Complete 

Card table byte_map: [0x000002def42f0000,0x000002def46e0000] _byte_map_base: 0x000002def3edb000

Marking Bits (Prev, Next): (CMBitMap*) 0x000002dedd319160, (CMBitMap*) 0x000002dedd3191a0
 Prev Bits: [0x000002def4ad0000, 0x000002def6a28000)
 Next Bits: [0x000002def6a30000, 0x000002def8988000)

Polling page: 0x000002dedac10000

Metaspace:

Usage:
  Non-class:    465.09 KB used.
      Class:     33.08 KB used.
       Both:    498.16 KB used.

Virtual space:
  Non-class space:       64.00 MB reserved,     512.00 KB ( <1%) committed,  1 nodes.
      Class space:        1.00 GB reserved,     128.00 KB ( <1%) committed,  1 nodes.
             Both:        1.06 GB reserved,     640.00 KB ( <1%) committed. 

Chunk freelists:
   Non-Class:  3.96 MB
       Class:  3.73 MB
        Both:  7.70 MB

MaxMetaspaceSize: unlimited
CompressedClassSpaceSize: 1.00 GB
Initial GC threshold: 21.00 MB
Current GC threshold: 21.00 MB
CDS: on
MetaspaceReclaimPolicy: balanced
 - commit_granule_bytes: 65536.
 - commit_granule_words: 8192.
 - virtual_space_node_default_size: 8388608.
 - enlarge_chunks_in_place: 1.
 - new_chunks_are_fully_committed: 0.
 - uncommit_free_chunks: 1.
 - use_allocation_guard: 0.


Internal statistics:

num_allocs_failed_limit: 0.
num_arena_births: 22.
num_arena_deaths: 0.
num_vsnodes_births: 2.
num_vsnodes_deaths: 0.
num_space_committed: 10.
num_space_uncommitted: 0.
num_chunks_returned_to_freelist: 0.
num_chunks_taken_from_freelist: 28.
num_chunk_merges: 0.
num_chunk_splits: 17.
num_chunks_enlarged: 10.
num_inconsistent_stats: 0.

CodeHeap 'non-profiled nmethods': size=120000Kb used=67Kb max_used=67Kb free=119933Kb
 bounds [0x000002deec6a0000, 0x000002deec910000, 0x000002def3bd0000]
CodeHeap 'profiled nmethods': size=120000Kb used=203Kb max_used=203Kb free=119796Kb
 bounds [0x000002dee5170000, 0x000002dee53e0000, 0x000002deec6a0000]
CodeHeap 'non-nmethods': size=5760Kb used=1119Kb max_used=1119Kb free=4640Kb
 bounds [0x000002dee4bd0000, 0x000002dee4e40000, 0x000002dee5170000]
 total_blobs=578 nmethods=191 adapters=300
 compilation: enabled
              stopped_count=0, restarted_count=0
 full_count=0

Compilation events (20 events):
Event: 0.108 Thread 0x000002defb182120  181       3       jdk.internal.org.objectweb.asm.ByteVector::putShort (52 bytes)
Event: 0.108 Thread 0x000002defb182120 nmethod 181 0x000002dee519ef10 code [0x000002dee519f0c0, 0x000002dee519f2c8]
Event: 0.108 Thread 0x000002defb182120  182       3       jdk.internal.org.objectweb.asm.SymbolTable::addConstantUtf8 (98 bytes)
Event: 0.109 Thread 0x000002defb182120 nmethod 182 0x000002dee519f410 code [0x000002dee519f640, 0x000002dee519fc38]
Event: 0.109 Thread 0x000002defb182120  183       3       jdk.internal.org.objectweb.asm.SymbolTable::put (150 bytes)
Event: 0.109 Thread 0x000002defb182120 nmethod 183 0x000002dee519ff90 code [0x000002dee51a0180, 0x000002dee51a0a18]
Event: 0.109 Thread 0x000002defb182120  189       3       java.lang.String::getBytes (44 bytes)
Event: 0.109 Thread 0x000002defb182120 nmethod 189 0x000002dee51a0d10 code [0x000002dee51a0ee0, 0x000002dee51a11d8]
Event: 0.109 Thread 0x000002defb182120  187       3       java.lang.StringBuilder::append (8 bytes)
Event: 0.109 Thread 0x000002defb182120 nmethod 187 0x000002dee51a1310 code [0x000002dee51a14a0, 0x000002dee51a15e8]
Event: 0.109 Thread 0x000002defb182120  188       3       java.lang.AbstractStringBuilder::append (45 bytes)
Event: 0.109 Thread 0x000002defb182120 nmethod 188 0x000002dee51a1690 code [0x000002dee51a18a0, 0x000002dee51a1dd8]
Event: 0.109 Thread 0x000002defb182120  184       1       java.lang.invoke.MethodTypeForm::parameterSlotCount (5 bytes)
Event: 0.109 Thread 0x000002defb182120 nmethod 184 0x000002deec6b0610 code [0x000002deec6b07a0, 0x000002deec6b0878]
Event: 0.109 Thread 0x000002defb182120  179       1       java.lang.invoke.MethodType$ConcurrentWeakInternSet$WeakEntry::hashCode (5 bytes)
Event: 0.110 Thread 0x000002defb182120 nmethod 179 0x000002deec6b0910 code [0x000002deec6b0aa0, 0x000002deec6b0b78]
Event: 0.117 Thread 0x000002defb182120  190       3       java.lang.System::getSecurityManager (12 bytes)
Event: 0.117 Thread 0x000002defb182120 nmethod 190 0x000002dee51a2010 code [0x000002dee51a21a0, 0x000002dee51a2318]
Event: 0.117 Thread 0x000002defb182120  191       3       java.lang.String::charAt (25 bytes)
Event: 0.117 Thread 0x000002defb182120 nmethod 191 0x000002dee51a2410 code [0x000002dee51a2600, 0x000002dee51a2b58]

GC Heap History (0 events):
No events

Deoptimization events (4 events):
Event: 0.117 Thread 0x000002dedd2bb720 Uncommon trap: trap_request=0xffffff45 fr.pc=0x000002deec6afba8 relative=0x00000000000000a8
Event: 0.117 Thread 0x000002dedd2bb720 Uncommon trap: reason=unstable_if action=reinterpret pc=0x000002deec6afba8 method=java.lang.String.isLatin1()Z @ 10 c2
Event: 0.117 Thread 0x000002dedd2bb720 DEOPT PACKING pc=0x000002deec6afba8 sp=0x000000e055cff0d0
Event: 0.117 Thread 0x000002dedd2bb720 DEOPT UNPACKING pc=0x000002dee4c223a3 sp=0x000000e055cff010 mode 2

Classes loaded (20 events):
Event: 0.117 Loading class java/net/SocketAddress
Event: 0.117 Loading class java/net/SocketAddress done
Event: 0.117 Loading class java/net/InetSocketAddress done
Event: 0.117 Loading class jdk/internal/loader/URLClassPath$FileLoader$1
Event: 0.117 Loading class jdk/internal/loader/URLClassPath$FileLoader$1 done
Event: 0.119 Loading class java/net/InetSocketAddress$InetSocketAddressHolder
Event: 0.119 Loading class java/net/InetSocketAddress$InetSocketAddressHolder done
Event: 0.119 Loading class java/net/SocketImpl
Event: 0.119 Loading class java/net/SocketOptions
Event: 0.119 Loading class java/net/SocketOptions done
Event: 0.119 Loading class java/net/SocketImpl done
Event: 0.119 Loading class sun/nio/ch/NioSocketImpl
Event: 0.119 Loading class sun/net/PlatformSocketImpl
Event: 0.119 Loading class sun/net/PlatformSocketImpl done
Event: 0.120 Loading class sun/nio/ch/NioSocketImpl done
Event: 0.120 Loading class sun/nio/ch/SocketDispatcher
Event: 0.120 Loading class sun/nio/ch/NativeDispatcher
Event: 0.120 Loading class sun/nio/ch/NativeDispatcher done
Event: 0.120 Loading class sun/nio/ch/SocketDispatcher done
Event: 0.120 Loading class sun/nio/ch/IOUtil

Classes unloaded (0 events):
No events

Classes redefined (1 events):
Event: 0.115 Thread 0x000002dedd3342b0 redefined class name=java.io.FileOutputStream, count=1

Internal exceptions (2 events):
Event: 0.105 Thread 0x000002dedd2bb720 Exception <a 'java/lang/NoSuchMethodError'{0x000000008a6a3d40}: 'void java.lang.invoke.DirectMethodHandle$Holder.invokeStatic(java.lang.Object, java.lang.Object, java.lang.Object)'> (0x000000008a6a3d40) 
thrown [s\open\src\hotspot\share\interpreter\linkResolver.cpp, line 759]
Event: 0.109 Thread 0x000002dedd2bb720 Exception <a 'java/lang/NoSuchMethodError'{0x000000008a6bca58}: 'java.lang.Object java.lang.invoke.Invokers$Holder.invokeExact_MT(java.lang.Object, java.lang.Object, java.lang.Object, java.lang.Object, java.lang.Object)'> (0x000000008a6bca58) 
thrown [s\open\src\hotspot\share\interpreter\linkResolver.cpp, line 759]

VM Operations (6 events):
Event: 0.074 Executing VM operation: HandshakeAllThreads
Event: 0.074 Executing VM operation: HandshakeAllThreads done
Event: 0.115 Executing VM operation: RedefineClasses
Event: 0.115 Executing VM operation: RedefineClasses done
Event: 0.118 Executing VM operation: HandshakeAllThreads
Event: 0.118 Executing VM operation: HandshakeAllThreads done

Events (20 events):
Event: 0.044 Thread 0x000002defb175c30 Thread added: 0x000002defb175c30
Event: 0.044 Thread 0x000002defb1764e0 Thread added: 0x000002defb1764e0
Event: 0.044 Thread 0x000002defb177530 Thread added: 0x000002defb177530
Event: 0.044 Thread 0x000002defb178580 Thread added: 0x000002defb178580
Event: 0.045 Thread 0x000002defb17d080 Thread added: 0x000002defb17d080
Event: 0.045 Thread 0x000002defb182120 Thread added: 0x000002defb182120
Event: 0.045 Thread 0x000002defb1851c0 Thread added: 0x000002defb1851c0
Event: 0.068 Thread 0x000002deff4a32e0 Thread added: 0x000002deff4a32e0
Event: 0.085 Loaded shared library C:\Program Files\Java\jdk-18.0.2\bin\zip.dll
Event: 0.088 Loaded shared library C:\Program Files\Java\jdk-18.0.2\bin\instrument.dll
Event: 0.097 Loaded shared library C:\Program Files\Java\jdk-18.0.2\bin\net.dll
Event: 0.100 Loaded shared library C:\Program Files\Java\jdk-18.0.2\bin\nio.dll
Event: 0.104 Loaded shared library C:\Program Files\Java\jdk-18.0.2\bin\zip.dll
Event: 0.112 Loaded shared library C:\Program Files\JetBrains\IntelliJ IDEA Community Edition 2022.1.4\bin\breakgen64.dll
Event: 0.112 Thread 0x000002deff5a0c10 Thread added: 0x000002deff5a0c10
Event: 0.116 Thread 0x000002deff5a5560 Thread added: 0x000002deff5a5560
Event: 0.120 Thread 0x000002dedd2bb720 Thread exited: 0x000002dedd2bb720
Event: 0.120 Thread 0x000002dedd2bb720 Thread added: 0x000002dedd2bb720
Event: 0.120 Thread 0x000002defb175c30 Thread exited: 0x000002defb175c30
Event: 0.120 Thread 0x000002dedd2bb720 Thread exited: 0x000002dedd2bb720


Dynamic libraries:
0x00007ff7c4540000 - 0x00007ff7c4550000 	C:\Program Files\Java\jdk-18.0.2\bin\java.exe
0x00007ffee43b0000 - 0x00007ffee45a8000 	C:\Windows\SYSTEM32\ntdll.dll
0x00007ffee4100000 - 0x00007ffee41bf000 	C:\Windows\System32\KERNEL32.DLL
0x00007ffee3e20000 - 0x00007ffee40f2000 	C:\Windows\System32\KERNELBASE.dll
0x0000000074ba0000 - 0x0000000074bdb000 	C:\Windows\System32\cyinjct.dll
0x00007ffee3ca0000 - 0x00007ffee3cac000 	C:\Windows\System32\ntnativeapi.dll
0x00007ffebea30000 - 0x00007ffebea48000 	C:\Program Files\Java\jdk-18.0.2\bin\jli.dll
0x00007ffee2740000 - 0x00007ffee27ee000 	C:\Windows\System32\ADVAPI32.dll
0x00007ffee2200000 - 0x00007ffee229e000 	C:\Windows\System32\msvcrt.dll
0x00007ffee3590000 - 0x00007ffee362c000 	C:\Windows\System32\sechost.dll
0x00007ffee3cf0000 - 0x00007ffee3e15000 	C:\Windows\System32\RPCRT4.dll
0x000002dedad20000 - 0x000002dedaec1000 	C:\Windows\System32\USER32.dll
0x00007ffee1ad0000 - 0x00007ffee1af2000 	C:\Windows\System32\win32u.dll
0x00007ffee37c0000 - 0x00007ffee37eb000 	C:\Windows\System32\GDI32.dll
0x00007ffee1ee0000 - 0x00007ffee1fef000 	C:\Windows\System32\gdi32full.dll
0x00007ffee1980000 - 0x00007ffee1a1d000 	C:\Windows\System32\msvcp_win.dll
0x000002dedaed0000 - 0x000002dedafd0000 	C:\Windows\System32\ucrtbase.dll
0x00007ffeb29a0000 - 0x00007ffeb29ba000 	C:\Program Files\Java\jdk-18.0.2\bin\VCRUNTIME140.dll
0x00007ffebeb50000 - 0x00007ffebedea000 	C:\Windows\WinSxS\amd64_microsoft.windows.common-controls_6595b64144ccf1df_6.0.19041.1110_none_60b5254171f9507e\COMCTL32.dll
0x00007ffedc2e0000 - 0x00007ffedc2ea000 	C:\Windows\SYSTEM32\VERSION.dll
0x00007ffee3c80000 - 0x00007ffee3c9e000 	C:\Windows\System32\cyvera.dll
0x00007ffee3c10000 - 0x00007ffee3c7b000 	C:\Windows\System32\cyvrtrap.dll
0x00007ffee2660000 - 0x00007ffee2692000 	C:\Windows\System32\IMM32.DLL
0x00007ffec90c0000 - 0x00007ffec90cc000 	C:\Program Files\Java\jdk-18.0.2\bin\vcruntime140_1.dll
0x00007ffe9d5e0000 - 0x00007ffe9d66d000 	C:\Program Files\Java\jdk-18.0.2\bin\msvcp140.dll
0x00007ffe89ce0000 - 0x00007ffe8a8f1000 	C:\Program Files\Java\jdk-18.0.2\bin\server\jvm.dll
0x00007ffee22a0000 - 0x00007ffee22a8000 	C:\Windows\System32\PSAPI.DLL
0x00007ffedd4d0000 - 0x00007ffedd4d9000 	C:\Windows\SYSTEM32\WSOCK32.dll
0x00007ffee3630000 - 0x00007ffee369b000 	C:\Windows\System32\WS2_32.dll
0x00007ffec9950000 - 0x00007ffec9977000 	C:\Windows\SYSTEM32\WINMM.dll
0x00007ffedf860000 - 0x00007ffedf872000 	C:\Windows\SYSTEM32\kernel.appcore.dll
0x00007ffec77e0000 - 0x00007ffec77ea000 	C:\Program Files\Java\jdk-18.0.2\bin\jimage.dll
0x00007ffec9170000 - 0x00007ffec9354000 	C:\Windows\SYSTEM32\DBGHELP.DLL
0x00007ffebea50000 - 0x00007ffebea85000 	C:\Windows\SYSTEM32\dbgcore.DLL
0x00007ffee1b00000 - 0x00007ffee1b82000 	C:\Windows\System32\bcryptPrimitives.dll
0x00007ffedf1a0000 - 0x00007ffedf1ae000 	C:\Program Files\Java\jdk-18.0.2\bin\instrument.dll
0x00007ffeb0d80000 - 0x00007ffeb0da5000 	C:\Program Files\Java\jdk-18.0.2\bin\java.dll
0x00007ffee3bd0000 - 0x00007ffee3c07000 	C:\Program Files\Palo Alto Networks\Traps\cyjagent.dll
0x00007ffe96200000 - 0x00007ffe962d6000 	C:\Program Files\Java\jdk-18.0.2\bin\jsvml.dll
0x00007ffee2d90000 - 0x00007ffee34d4000 	C:\Windows\System32\SHELL32.dll
0x00007ffedfa60000 - 0x00007ffee01f2000 	C:\Windows\SYSTEM32\windows.storage.dll
0x00007ffee37f0000 - 0x00007ffee3b45000 	C:\Windows\System32\combase.dll
0x00007ffee1300000 - 0x00007ffee1330000 	C:\Windows\SYSTEM32\Wldp.dll
0x00007ffee34e0000 - 0x00007ffee358d000 	C:\Windows\System32\SHCORE.dll
0x00007ffee21a0000 - 0x00007ffee21f5000 	C:\Windows\System32\shlwapi.dll
0x00007ffee18c0000 - 0x00007ffee18df000 	C:\Windows\SYSTEM32\profapi.dll
0x00007ffeb0060000 - 0x00007ffeb0078000 	C:\Program Files\Java\jdk-18.0.2\bin\zip.dll
0x00007ffeb0fd0000 - 0x00007ffeb0fe3000 	C:\Program Files\Java\jdk-18.0.2\bin\net.dll
0x00007ffeda080000 - 0x00007ffeda18c000 	C:\Windows\SYSTEM32\WINHTTP.dll
0x00007ffee1060000 - 0x00007ffee10ca000 	C:\Windows\system32\mswsock.dll
0x00007ffeb09b0000 - 0x00007ffeb09c6000 	C:\Program Files\Java\jdk-18.0.2\bin\nio.dll
0x00007ffeb0a20000 - 0x00007ffeb0a3a000 	C:\Program Files\JetBrains\IntelliJ IDEA Community Edition 2022.1.4\bin\breakgen64.dll

dbghelp: loaded successfully - version: 4.0.5 - missing functions: none
symbol engine: initialized successfully - sym options: 0x614 - pdb path: .;C:\Program Files\Java\jdk-18.0.2\bin;C:\Windows\SYSTEM32;C:\Windows\WinSxS\amd64_microsoft.windows.common-controls_6595b64144ccf1df_6.0.19041.1110_none_60b5254171f9507e;C:\Program Files\Java\jdk-18.0.2\bin\server;C:\Program Files\Palo Alto Networks\Traps;C:\Program Files\JetBrains\IntelliJ IDEA Community Edition 2022.1.4\bin

VM Arguments:
jvm_args: -javaagent:C:\Program Files\JetBrains\IntelliJ IDEA Community Edition 2022.1.4\lib\idea_rt.jar=51381:C:\Program Files\JetBrains\IntelliJ IDEA Community Edition 2022.1.4\bin -Dfile.encoding=UTF-8 -agentpath:C:\Program Files\Palo Alto Networks\Traps\cyjagent.dll 
java_command: recomendaciones.Main
java_class_path (initial): C:\Users\308\Music\LOGICA\POO\examen\Recomendaciones\target\classes
Launcher Type: SUN_STANDARD

[Global flags]
     intx CICompilerCount                          = 3                                         {product} {ergonomic}
     uint ConcGCThreads                            = 2                                         {product} {ergonomic}
     uint G1ConcRefinementThreads                  = 6                                         {product} {ergonomic}
   size_t G1HeapRegionSize                         = 1048576                                   {product} {ergonomic}
    uintx GCDrainStackTargetSize                   = 64                                        {product} {ergonomic}
   size_t InitialHeapSize                          = 132120576                                 {product} {ergonomic}
   size_t MarkStackSize                            = 4194304                                   {product} {ergonomic}
   size_t MaxHeapSize                              = 2103443456                                {product} {ergonomic}
   size_t MaxNewSize                               = 1261436928                                {product} {ergonomic}
   size_t MinHeapDeltaBytes                        = 1048576                                   {product} {ergonomic}
   size_t MinHeapSize                              = 8388608                                   {product} {ergonomic}
    uintx NonNMethodCodeHeapSize                   = 5832780                                {pd product} {ergonomic}
    uintx NonProfiledCodeHeapSize                  = 122912730                              {pd product} {ergonomic}
    uintx ProfiledCodeHeapSize                     = 122912730                              {pd product} {ergonomic}
    uintx ReservedCodeCacheSize                    = 251658240                              {pd product} {ergonomic}
     bool SegmentedCodeCache                       = true                                      {product} {ergonomic}
   size_t SoftMaxHeapSize                          = 2103443456                             {manageable} {ergonomic}
     bool UseCompressedClassPointers               = true                           {product lp64_product} {ergonomic}
     bool UseCompressedOops                        = true                           {product lp64_product} {ergonomic}
     bool UseG1GC                                  = true                                      {product} {ergonomic}
     bool UseLargePagesIndividualAllocation        = false                                  {pd product} {ergonomic}

Logging:
Log output configuration:
 #0: stdout all=warning uptime,level,tags foldmultilines=false
 #1: stderr all=off uptime,level,tags foldmultilines=false

Environment Variables:
PATH=C:\Program Files\Common Files\Oracle\Java\javapath;C:\Program Files\Microsoft\jdk-11.0.12.7-hotspot\bin;C:\Python310\Scripts\;C:\Python310\;C:\Windows\system32;C:\Windows;C:\Windows\System32\Wbem;C:\Windows\System32\WindowsPowerShell\v1.0\;C:\Windows\System32\OpenSSH\;C:\Program Files\Microsoft SQL Server\Client SDK\ODBC\170\Tools\Binn\;C:\Program Files\Azure Data Studio\bin;C:\Program Files\nodejs\;C:\ProgramData\chocolatey\bin;C:\xampp\php;C:\composer;C:\Program Files (x86)\Microsoft SQL Server\150\Tools\Binn\;C:\Program Files\Microsoft SQL Server\150\Tools\Binn\;C:\Program Files\Microsoft SQL Server\150\DTS\Binn\;C:\Program Files (x86)\Microsoft SQL Server\150\DTS\Binn\;C:\Program Files\dotnet\;C:\Users\308\AppData\Local\Microsoft\WindowsApps;C:\Users\308\AppData\Local\Programs\Microsoft VS Code\bin;C:\Users\308\AppData\Local\Programs\Git\cmd;C:\Users\308\.dotnet\tools;C:\Users\308\AppData\Local\GitHubDesktop\bin
USERNAME=308
OS=Windows_NT
PROCESSOR_IDENTIFIER=Intel64 Family 6 Model 158 Stepping 10, GenuineIntel



---------------  S Y S T E M  ---------------

OS:
 Windows 10 , 64 bit Build 19041 (10.0.19041.2364)
OS uptime: 0 days 3:28 hours

CPU: total 6 (initial active 6) (6 cores per cpu, 1 threads per core) family 6 model 158 stepping 10 microcode 0xb4, cx8, cmov, fxsr, mmx, 3dnowpref, sse, sse2, sse3, ssse3, sse4.1, sse4.2, popcnt, lzcnt, tsc, tscinvbit, avx, avx2, aes, erms, clmul, bmi1, bmi2, adx, fma, vzeroupper, clflush, clflushopt

Memory: 4k page, system-wide physical 8016M (2516M free)
TotalPageFile size 9872M (AvailPageFile size 2585M)
current process WorkingSet (physical memory assigned to process): 34M, peak: 34M
current process commit charge ("private bytes"): 206M, peak: 207M

vm_info: Java HotSpot(TM) 64-Bit Server VM (18.0.2+9-61) for windows-amd64 JRE (18.0.2+9-61), built on Jun  7 2022 13:09:01 by "mach5one" with MS VC++ 16.8 / 16.9 (VS2019)

END.
